{"/Users/k.phawade/Documents/react-typescript/src/components/greet/Greet.tsx": {"path":"/Users/k.phawade/Documents/react-typescript/src/components/greet/Greet.tsx","statementMap":{"0":{"start":{"line":6,"column":14},"end":{"line":11,"column":1}},"1":{"start":{"line":8,"column":2},"end":{"line":10,"column":null}},"2":{"start":{"line":13,"column":0},"end":{"line":13,"column":null}}},"fnMap":{"0":{"name":"(anonymous_0)","decl":{"start":{"line":6,"column":14},"end":{"line":6,"column":15}},"loc":{"start":{"line":6,"column":37},"end":{"line":11,"column":1}}}},"branchMap":{"0":{"loc":{"start":{"line":9,"column":16},"end":{"line":9,"column":50}},"type":"cond-expr","locations":[{"start":{"line":9,"column":30},"end":{"line":9,"column":40}},{"start":{"line":9,"column":43},"end":{"line":9,"column":50}}]}},"s":{"0":1,"1":1,"2":1},"f":{"0":1},"b":{"0":[0,1]}}
}
