{"C:\\Users\\91904\\OneDrive\\Documents\\React learn\\react-jest-RTL\\src\\components\\application\\application.tsx": {"path":"C:\\Users\\91904\\OneDrive\\Documents\\React learn\\react-jest-RTL\\src\\components\\application\\application.tsx","statementMap":{"0":{"start":{"line":1,"column":27},"end":{"line":49,"column":1}},"1":{"start":{"line":2,"column":2},"end":{"line":48,"column":4}},"2":{"start":{"line":1,"column":13},"end":{"line":1,"column":27}}},"fnMap":{"0":{"name":"(anonymous_0)","decl":{"start":{"line":1,"column":27},"end":{"line":1,"column":30}},"loc":{"start":{"line":1,"column":32},"end":{"line":49,"column":1}}},"1":{"name":"(anonymous_1)","decl":{"start":{"line":18,"column":22},"end":{"line":18,"column":25}},"loc":{"start":{"line":18,"column":27},"end":{"line":18,"column":30}}}},"branchMap":{},"s":{"0":1,"1":1,"2":1},"f":{"0":1,"1":0},"b":{}}
,"C:\\Users\\91904\\OneDrive\\Documents\\React learn\\react-jest-RTL\\src\\components\\greet\\Greet.tsx": {"path":"C:\\Users\\91904\\OneDrive\\Documents\\React learn\\react-jest-RTL\\src\\components\\greet\\Greet.tsx","statementMap":{"0":{"start":{"line":6,"column":14},"end":{"line":11,"column":1}},"1":{"start":{"line":8,"column":2},"end":{"line":10,"column":null}},"2":{"start":{"line":13,"column":0},"end":{"line":13,"column":null}}},"fnMap":{"0":{"name":"(anonymous_0)","decl":{"start":{"line":6,"column":14},"end":{"line":6,"column":15}},"loc":{"start":{"line":6,"column":37},"end":{"line":11,"column":1}}}},"branchMap":{"0":{"loc":{"start":{"line":9,"column":16},"end":{"line":9,"column":50}},"type":"cond-expr","locations":[{"start":{"line":9,"column":30},"end":{"line":9,"column":40}},{"start":{"line":9,"column":43},"end":{"line":9,"column":50}}]}},"s":{"0":1,"1":1,"2":1},"f":{"0":1},"b":{"0":[0,1]}}
,"C:\\Users\\91904\\OneDrive\\Documents\\React learn\\react-jest-RTL\\src\\components\\skills\\Skills.tsx": {"path":"C:\\Users\\91904\\OneDrive\\Documents\\React learn\\react-jest-RTL\\src\\components\\skills\\Skills.tsx","statementMap":{"0":{"start":{"line":1,"column":0},"end":{"line":1,"column":32}},"1":{"start":{"line":4,"column":15},"end":{"line":23,"column":1}},"2":{"start":{"line":5,"column":36},"end":{"line":5,"column":51}},"3":{"start":{"line":6,"column":23},"end":{"line":6,"column":28}},"4":{"start":{"line":7,"column":2},"end":{"line":22,"column":null}},"5":{"start":{"line":11,"column":12},"end":{"line":11,"column":29}},"6":{"start":{"line":18,"column":31},"end":{"line":18,"column":49}},"7":{"start":{"line":25,"column":0},"end":{"line":25,"column":null}}},"fnMap":{"0":{"name":"(anonymous_0)","decl":{"start":{"line":4,"column":15},"end":{"line":4,"column":16}},"loc":{"start":{"line":4,"column":39},"end":{"line":23,"column":1}}},"1":{"name":"(anonymous_1)","decl":{"start":{"line":10,"column":20},"end":{"line":10,"column":21}},"loc":{"start":{"line":11,"column":12},"end":{"line":11,"column":29}}},"2":{"name":"(anonymous_2)","decl":{"start":{"line":18,"column":25},"end":{"line":18,"column":28}},"loc":{"start":{"line":18,"column":31},"end":{"line":18,"column":49}}}},"branchMap":{"0":{"loc":{"start":{"line":15,"column":6},"end":{"line":18,"column":null}},"type":"cond-expr","locations":[{"start":{"line":16,"column":8},"end":{"line":16,"column":38}},{"start":{"line":18,"column":8},"end":{"line":18,"column":65}}]}},"s":{"0":1,"1":1,"2":3,"3":3,"4":3,"5":9,"6":0,"7":1},"f":{"0":3,"1":9,"2":0},"b":{"0":[0,3]}}
}
